*** Using Compiler 'V6.22', folder: 'D:\software\Keil_v5\ARM\ARMCLANG\Bin'
Build target '基本定时器'
assembling startup_stm32f429_439xx.s...
compiling stm32f4xx_cec.c...
compiling stm32f4xx_crc.c...
compiling misc.c...
../../Libraries/CMSIS/Device/ST/STM32F4xx/Source/Templates/system_stm32f4xx.c(747): warning: while loop has empty body [-Wempty-body]
  747 |     while ((RCC->CFGR & (uint32_t)RCC_CFGR_SWS ) != RCC_CFGR_SWS_PLL);
      |                                                                      ^
../../Libraries/CMSIS/Device/ST/STM32F4xx/Source/Templates/system_stm32f4xx.c(747): note: put the semicolon on a separate line to silence this warning
1 warning generated.
compiling system_stm32f4xx.c...
compiling stm32f4xx_adc.c...
compiling stm32f4xx_can.c...
compiling stm32f4xx_cryp.c...
compiling stm32f4xx_cryp_des.c...
compiling stm32f4xx_dac.c...
compiling stm32f4xx_cryp_tdes.c...
compiling stm32f4xx_dbgmcu.c...
compiling stm32f4xx_dcmi.c...
compiling stm32f4xx_cryp_aes.c...
compiling stm32f4xx_dma.c...
compiling stm32f4xx_exti.c...
compiling stm32f4xx_flash_ramfunc.c...
compiling stm32f4xx_dma2d.c...
compiling stm32f4xx_flash.c...
compiling stm32f4xx_fmc.c...
compiling stm32f4xx_fmpi2c.c...
compiling stm32f4xx_gpio.c...
compiling stm32f4xx_hash_md5.c...
compiling stm32f4xx_hash.c...
compiling stm32f4xx_hash_sha1.c...
compiling stm32f4xx_i2c.c...
compiling stm32f4xx_iwdg.c...
compiling stm32f4xx_qspi.c...
compiling stm32f4xx_pwr.c...
compiling stm32f4xx_rng.c...
compiling stm32f4xx_ltdc.c...
compiling stm32f4xx_rcc.c...
compiling stm32f4xx_sai.c...
compiling stm32f4xx_spdifrx.c...
compiling stm32f4xx_syscfg.c...
compiling stm32f4xx_rtc.c...
compiling stm32f4xx_sdio.c...
compiling stm32f4xx_spi.c...
compiling bsp_basic_time.c...
compiling stm32f4xx_wwdg.c...
compiling stm32f4xx_usart.c...
compiling main.c...
compiling stm32f4xx_tim.c...
compiling bsp_led.c...
compiling stm32f4xx_it.c...
linking...
Program Size: Code=440 RO-data=444 RW-data=0 ZI-data=1024  
FromELF: creating hex file...
"..\..\Output\基本定时器.axf" - 0 Error(s), 1 Warning(s).
Build Time Elapsed:  00:00:04
